2025-12-04 14:43:27.685 | INFO     | app.middleware:log_middleware:14 - Request ID: 7b29fa87-19f7-4173-a430-1a0e34044a43 - Method: GET - URL: http://localhost:8000/docs
2025-12-04 14:43:27.687 | ERROR    | app.middleware:log_middleware:23 - Request ID: 7b29fa87-19f7-4173-a430-1a0e34044a43 - Error: Invalid format specifier '.4gf' for object of type 'float'
2025-12-04 14:43:29.159 | INFO     | app.middleware:log_middleware:14 - Request ID: d6d68604-607d-4da1-b4bb-61873cbdd1cc - Method: GET - URL: http://localhost:8000/docs
2025-12-04 14:43:29.160 | ERROR    | app.middleware:log_middleware:23 - Request ID: d6d68604-607d-4da1-b4bb-61873cbdd1cc - Error: Invalid format specifier '.4gf' for object of type 'float'
2025-12-04 14:43:50.027 | INFO     | app.middleware:log_middleware:14 - Request ID: 909be7c9-4bf3-4649-8ca9-29b09a02b948 - Method: GET - URL: http://localhost:8000/docs
2025-12-04 14:43:50.029 | INFO     | app.middleware:log_middleware:20 - Request ID: 909be7c9-4bf3-4649-8ca9-29b09a02b948 - Status: 200 - Time: 0.0019s
2025-12-04 14:43:50.402 | INFO     | app.middleware:log_middleware:14 - Request ID: 9a19aeab-1c29-4daa-92fe-857016a2a24d - Method: GET - URL: http://localhost:8000/openapi.json
2025-12-04 14:43:50.519 | INFO     | app.middleware:log_middleware:20 - Request ID: 9a19aeab-1c29-4daa-92fe-857016a2a24d - Status: 200 - Time: 0.1164s
2025-12-04 14:44:09.102 | INFO     | app.middleware:log_middleware:14 - Request ID: 0fc2a70b-350f-4813-ba18-629ca9a498ce - Method: POST - URL: http://localhost:8000/users/login
2025-12-04 14:44:10.327 | INFO     | app.middleware:log_middleware:20 - Request ID: 0fc2a70b-350f-4813-ba18-629ca9a498ce - Status: 200 - Time: 1.2258s
2025-12-04 15:11:11.345 | INFO     | app.middleware:log_middleware:14 - Request ID: 0821f2bc-80b6-4a53-88e2-46113a4aa3cc - Method: GET - URL: http://localhost:8000/docs
2025-12-04 15:11:11.347 | INFO     | app.middleware:log_middleware:20 - Request ID: 0821f2bc-80b6-4a53-88e2-46113a4aa3cc - Status: 200 - Time: 0.0017s
2025-12-04 15:11:11.737 | INFO     | app.middleware:log_middleware:14 - Request ID: 818e90b9-0533-44f5-baec-853e4834d1a3 - Method: GET - URL: http://localhost:8000/openapi.json
2025-12-04 15:11:11.866 | INFO     | app.middleware:log_middleware:20 - Request ID: 818e90b9-0533-44f5-baec-853e4834d1a3 - Status: 200 - Time: 0.1286s
2025-12-04 15:11:24.841 | INFO     | app.middleware:log_middleware:14 - Request ID: 582a37ae-df32-4f0d-8e8f-c16daaea7a5a - Method: POST - URL: http://localhost:8000/users/login
2025-12-04 15:11:24.843 | INFO     | app.routes.user_route:login:69 - Login attempt started
2025-12-04 15:11:26.041 | WARNING  | app.routes.user_route:login:73 - Login failed: Invalid credentials
2025-12-04 15:11:26.042 | INFO     | app.middleware:log_middleware:20 - Request ID: 582a37ae-df32-4f0d-8e8f-c16daaea7a5a - Status: 401 - Time: 1.2010s
2025-12-04 15:11:57.777 | INFO     | app.middleware:log_middleware:14 - Request ID: 4639583d-172d-429f-b54c-4a9320a30882 - Method: POST - URL: http://localhost:8000/users/login
2025-12-04 15:11:57.778 | INFO     | app.routes.user_route:login:69 - Login attempt started
2025-12-04 15:11:58.456 | WARNING  | app.routes.user_route:login:73 - Login failed: Invalid credentials
2025-12-04 15:11:58.457 | INFO     | app.middleware:log_middleware:20 - Request ID: 4639583d-172d-429f-b54c-4a9320a30882 - Status: 401 - Time: 0.6801s
2025-12-04 15:15:04.589 | INFO     | app.middleware:log_middleware:14 - Request ID: eb86a55a-b9d7-4a7e-a063-410504c2e10a - Method: POST - URL: http://localhost:8000/users/login
2025-12-04 15:15:04.591 | INFO     | app.routes.user_route:login:69 - Login attempt started
2025-12-04 15:15:05.293 | WARNING  | app.routes.user_route:login:73 - Login failed: Invalid credentials
2025-12-04 15:15:05.294 | INFO     | app.middleware:log_middleware:20 - Request ID: eb86a55a-b9d7-4a7e-a063-410504c2e10a - Status: 401 - Time: 0.7045s
2025-12-04 15:16:10.986 | INFO     | app.middleware:log_middleware:14 - Request ID: f609d4a5-64e4-45e3-9903-d709466f4d7b - Method: POST - URL: http://localhost:8000/users/login
2025-12-04 15:16:10.988 | INFO     | app.routes.user_route:login:69 - Login attempt started
2025-12-04 15:16:12.241 | WARNING  | app.routes.user_route:login:73 - Login failed: Invalid credentials
2025-12-04 15:16:12.242 | INFO     | app.middleware:log_middleware:20 - Request ID: f609d4a5-64e4-45e3-9903-d709466f4d7b - Status: 401 - Time: 1.2554s
2025-12-04 15:18:08.029 | INFO     | app.middleware:log_middleware:14 - Request ID: e6885815-cf82-4f35-8637-e559f801adf1 - Method: POST - URL: http://localhost:8000/users/login
2025-12-04 15:18:08.031 | INFO     | app.routes.user_route:login:69 - Login attempt started
2025-12-04 15:18:09.275 | WARNING  | app.routes.user_route:login:73 - Login failed: Invalid credentials
2025-12-04 15:18:09.276 | INFO     | app.middleware:log_middleware:20 - Request ID: e6885815-cf82-4f35-8637-e559f801adf1 - Status: 401 - Time: 1.2467s
2025-12-04 15:19:07.466 | INFO     | app.middleware:log_middleware:14 - Request ID: affd7fce-a6fc-4bc0-99c1-dbfad6de8d7a - Method: POST - URL: http://localhost:8000/users/login
2025-12-04 15:19:07.468 | INFO     | app.routes.user_route:login:69 - Login attempt started
2025-12-04 15:19:08.360 | WARNING  | app.routes.user_route:login:73 - Login failed: Invalid credentials
2025-12-04 15:19:08.361 | INFO     | app.middleware:log_middleware:20 - Request ID: affd7fce-a6fc-4bc0-99c1-dbfad6de8d7a - Status: 401 - Time: 0.8947s
2025-12-04 15:23:43.674 | INFO     | app.middleware:log_middleware:14 - Request ID: 32623265-41ac-41ba-8b03-3e5b4e0360eb - Method: POST - URL: http://localhost:8000/users/login
2025-12-04 15:23:43.676 | INFO     | app.routes.user_route:login:69 - Login attempt started
2025-12-04 15:23:44.524 | WARNING  | app.routes.user_route:login:73 - Login failed: Invalid credentials
2025-12-04 15:23:44.524 | INFO     | app.middleware:log_middleware:20 - Request ID: 32623265-41ac-41ba-8b03-3e5b4e0360eb - Status: 401 - Time: 0.8501s
2025-12-04 15:24:33.423 | INFO     | app.middleware:log_middleware:14 - Request ID: 5d744e25-6757-4f16-b638-0dee1690bee8 - Method: POST - URL: http://localhost:8000/users/login
2025-12-04 15:24:33.424 | INFO     | app.routes.user_route:login:69 - Login attempt started
2025-12-04 15:24:34.388 | SUCCESS  | app.routes.user_route:login:84 - Login successful
2025-12-04 15:24:34.399 | INFO     | app.middleware:log_middleware:20 - Request ID: 5d744e25-6757-4f16-b638-0dee1690bee8 - Status: 200 - Time: 0.9762s
2025-12-04 15:25:27.848 | INFO     | app.middleware:log_middleware:14 - Request ID: d4dd70fc-7192-4dce-8319-abf73dffcffa - Method: GET - URL: http://localhost:8000/products/products?limit=10&offset=0
2025-12-04 15:25:27.857 | INFO     | app.middleware:log_middleware:20 - Request ID: d4dd70fc-7192-4dce-8319-abf73dffcffa - Status: 200 - Time: 0.0088s
2025-12-04 15:41:55.671 | INFO     | app.middleware:log_middleware:14 - Request ID: 1b5edfb3-8ff9-407c-9830-d01c446608c5 - Method: GET - URL: http://localhost:8000/docs
2025-12-04 15:41:55.673 | INFO     | app.middleware:log_middleware:20 - Request ID: 1b5edfb3-8ff9-407c-9830-d01c446608c5 - Status: 200 - Time: 0.0023s
2025-12-04 15:41:56.031 | INFO     | app.middleware:log_middleware:14 - Request ID: 589e618b-35d2-4651-9523-64a7128e1a34 - Method: GET - URL: http://localhost:8000/openapi.json
2025-12-04 15:41:56.123 | INFO     | app.middleware:log_middleware:20 - Request ID: 589e618b-35d2-4651-9523-64a7128e1a34 - Status: 200 - Time: 0.0915s
2025-12-04 15:42:32.608 | INFO     | app.middleware:log_middleware:14 - Request ID: 38f9a350-96ca-4286-88b3-23c62b4afd8d - Method: POST - URL: http://localhost:8000/users/register
2025-12-04 15:42:32.610 | INFO     | app.routes.user_route:register:27 - Registration attempt started
2025-12-04 15:42:33.737 | WARNING  | app.routes.user_route:register:47 - Registration failed: Email/Username exists
2025-12-04 15:42:33.738 | INFO     | app.middleware:log_middleware:20 - Request ID: 38f9a350-96ca-4286-88b3-23c62b4afd8d - Status: 400 - Time: 1.1295s
2025-12-04 15:43:33.658 | INFO     | app.middleware:log_middleware:14 - Request ID: d1491aa7-fc52-425a-bba0-0169f2104760 - Method: POST - URL: http://localhost:8000/users/register
2025-12-04 15:43:33.660 | INFO     | app.routes.user_route:register:27 - Registration attempt started
2025-12-04 15:43:34.337 | SUCCESS  | app.routes.user_route:register:44 - Registration successful
2025-12-04 15:43:34.339 | INFO     | app.middleware:log_middleware:20 - Request ID: d1491aa7-fc52-425a-bba0-0169f2104760 - Status: 200 - Time: 0.6805s
2025-12-04 15:44:22.432 | INFO     | app.middleware:log_middleware:14 - Request ID: 86168206-7ce4-4b4a-bebc-bcdee2909974 - Method: GET - URL: http://localhost:8000/users/verify?token=2de928b5-dc9d-4d57-8163-edf5ebf8d6b
2025-12-04 15:44:22.432 | INFO     | app.routes.user_route:verify:64 - Verification attempt started
2025-12-04 15:44:22.435 | WARNING  | app.routes.user_route:verify:67 - Verification failded: Invalid token
2025-12-04 15:44:22.436 | INFO     | app.middleware:log_middleware:20 - Request ID: 86168206-7ce4-4b4a-bebc-bcdee2909974 - Status: 400 - Time: 0.0042s
2025-12-04 15:45:07.009 | INFO     | app.middleware:log_middleware:14 - Request ID: 1acf2b9b-7329-4fa5-901e-b07ff0617e3f - Method: GET - URL: http://localhost:8000/users/verify?token=de928b5-dc9d-4d57-8163-edf5ebf8d6bd
2025-12-04 15:45:07.010 | INFO     | app.routes.user_route:verify:64 - Verification attempt started
2025-12-04 15:45:07.129 | WARNING  | app.routes.user_route:verify:67 - Verification failed: Invalid token
2025-12-04 15:45:07.130 | INFO     | app.middleware:log_middleware:20 - Request ID: 1acf2b9b-7329-4fa5-901e-b07ff0617e3f - Status: 400 - Time: 0.1219s
2025-12-04 15:45:19.147 | INFO     | app.middleware:log_middleware:14 - Request ID: e13b3894-85ec-49c0-bb64-0c69c8feab5c - Method: GET - URL: http://localhost:8000/users/verify?token=2de928b5-dc9d-4d57-8163-edf5ebf8d6bd
2025-12-04 15:45:19.147 | INFO     | app.routes.user_route:verify:64 - Verification attempt started
2025-12-04 15:45:19.165 | SUCCESS  | app.routes.user_route:verify:78 - Verification successful for user admin1@gmail.com
2025-12-04 15:45:19.166 | INFO     | app.middleware:log_middleware:20 - Request ID: e13b3894-85ec-49c0-bb64-0c69c8feab5c - Status: 200 - Time: 0.0189s
2025-12-04 15:45:53.957 | INFO     | app.middleware:log_middleware:14 - Request ID: 03ff031e-0c11-4c4b-9d45-d60e1827b4ea - Method: POST - URL: http://localhost:8000/users/login
2025-12-04 15:45:53.958 | INFO     | app.routes.user_route:login:94 - Login attempt started
2025-12-04 15:45:54.736 | SUCCESS  | app.routes.user_route:login:108 - Login successful
2025-12-04 15:45:54.741 | INFO     | app.middleware:log_middleware:20 - Request ID: 03ff031e-0c11-4c4b-9d45-d60e1827b4ea - Status: 200 - Time: 0.7841s
